[Thickness_Porosity_No_interlayer]
porosity = -3.6139363274015865 * thickness^2 + 16.44535195020148 * thickness + 76.04686618689936
mse: 0.017394581860724283

[Thickness_Porosity_Interlayer]
porosity = -0.9544868880036277 * thickness^2 + 6.584892184364598 * thickness + 85.40929530619565
mse: 0.022191236944405085

[filtration_resistance-filtration_efficiency-Interlayer]
filtration_efficiency = [0.8185463] * filtration_resistance + 24.84052854567666
loss: 1.7845222090345034

[filtration_resistance-filtration_efficiency-No_interlayer]
filtration_efficiency = [1.48315702] * filtration_resistance + -9.657182959002618
loss: 17.909859228655126

[thickness-filtration_resistance-Interlayer]
filtration_resistance = [-7.74862789] * thickness + 49.101212808739774
loss: 2.2694770841928995

[thickness-filtration_resistance-No_interlayer]
filtration_resistance = [-10.06660615] * thickness + 45.000848272662935
loss: 38.71422125553685

[achieve_distance-&-hot_wind_speed-thickness-Interlayer]
filtration_resistance = 0.054188 * achieve_distance + 0.0018418 * hot_wind_speed + -0.86036
loss: 0.005348241600000005

[achieve_distance-&-hot_wind_speed-thickness-No_Interlayer]
filtration_resistance = 0.03955999999999999 * achieve_distance + 0.0012640000000000004 * hot_wind_speed + -0.9319999999999999
loss: 0.03033695999999999